app/build/intermediates/manifest_merge_blame_file/debug/manifest-merger-blame-debug-report.txt
1<?xml version="1.0" encoding="utf-8"?>
2<manifest xmlns:android="http://schemas.android.com/apk/res/android"
3    package="com.wellness.brightwell"
4    android:versionCode="1"
5    android:versionName="1.0" >
6
7    <uses-sdk
8        android:minSdkVersion="24"
9        android:targetSdkVersion="34" />
10
11    <!-- Permissions for notifications and alarms -->
12    <uses-permission android:name="android.permission.POST_NOTIFICATIONS" />
12-->src\main\AndroidManifest.xml:6:5-76
12-->src\main\AndroidManifest.xml:6:22-74
13    <uses-permission android:name="android.permission.SCHEDULE_EXACT_ALARM" />
13-->src\main\AndroidManifest.xml:7:5-78
13-->src\main\AndroidManifest.xml:7:22-76
14    <uses-permission android:name="android.permission.USE_EXACT_ALARM" />
14-->src\main\AndroidManifest.xml:8:5-73
14-->src\main\AndroidManifest.xml:8:22-71
15    <uses-permission android:name="android.permission.WAKE_LOCK" />
15-->src\main\AndroidManifest.xml:9:5-67
15-->src\main\AndroidManifest.xml:9:22-65
16    <uses-permission android:name="android.permission.RECEIVE_BOOT_COMPLETED" />
16-->src\main\AndroidManifest.xml:10:5-80
16-->src\main\AndroidManifest.xml:10:22-78
17    <uses-permission android:name="android.permission.ACCESS_NETWORK_STATE" />
17-->[androidx.work:work-runtime:2.9.0] AndroidManifest.xml:24:5-79
17-->[androidx.work:work-runtime:2.9.0] AndroidManifest.xml:24:22-76
18    <uses-permission android:name="android.permission.FOREGROUND_SERVICE" />
18-->[androidx.work:work-runtime:2.9.0] AndroidManifest.xml:26:5-77
18-->[androidx.work:work-runtime:2.9.0] AndroidManifest.xml:26:22-74
19
20    <permission
20-->[androidx.core:core:1.12.0] AndroidManifest.xml:22:5-24:47
21        android:name="com.wellness.brightwell.DYNAMIC_RECEIVER_NOT_EXPORTED_PERMISSION"
21-->[androidx.core:core:1.12.0] AndroidManifest.xml:23:9-81
22        android:protectionLevel="signature" />
22-->[androidx.core:core:1.12.0] AndroidManifest.xml:24:9-44
23
24    <uses-permission android:name="com.wellness.brightwell.DYNAMIC_RECEIVER_NOT_EXPORTED_PERMISSION" />
24-->[androidx.core:core:1.12.0] AndroidManifest.xml:26:5-97
24-->[androidx.core:core:1.12.0] AndroidManifest.xml:26:22-94
25
26    <application
26-->src\main\AndroidManifest.xml:12:5-56:19
27        android:allowBackup="true"
27-->src\main\AndroidManifest.xml:13:9-35
28        android:appComponentFactory="androidx.core.app.CoreComponentFactory"
28-->[androidx.core:core:1.12.0] AndroidManifest.xml:28:18-86
29        android:dataExtractionRules="@xml/data_extraction_rules"
29-->src\main\AndroidManifest.xml:14:9-65
30        android:debuggable="true"
31        android:extractNativeLibs="false"
32        android:fullBackupContent="@xml/backup_rules"
32-->src\main\AndroidManifest.xml:15:9-54
33        android:icon="@mipmap/ic_launcher"
33-->src\main\AndroidManifest.xml:16:9-43
34        android:label="@string/app_name"
34-->src\main\AndroidManifest.xml:17:9-41
35        android:roundIcon="@mipmap/ic_launcher_round"
35-->src\main\AndroidManifest.xml:18:9-54
36        android:supportsRtl="true"
36-->src\main\AndroidManifest.xml:19:9-35
37        android:testOnly="true"
38        android:theme="@style/Theme.BrightWell" >
38-->src\main\AndroidManifest.xml:20:9-48
39
40        <!-- Main Activity -->
41        <activity
41-->src\main\AndroidManifest.xml:24:9-32:20
42            android:name="com.wellness.brightwell.MainActivity"
42-->src\main\AndroidManifest.xml:25:13-41
43            android:configChanges="orientation|screenSize|keyboardHidden"
43-->src\main\AndroidManifest.xml:27:13-74
44            android:exported="true" >
44-->src\main\AndroidManifest.xml:26:13-36
45            <intent-filter>
45-->src\main\AndroidManifest.xml:28:13-31:29
46                <action android:name="android.intent.action.MAIN" />
46-->src\main\AndroidManifest.xml:29:17-69
46-->src\main\AndroidManifest.xml:29:25-66
47
48                <category android:name="android.intent.category.LAUNCHER" />
48-->src\main\AndroidManifest.xml:30:17-77
48-->src\main\AndroidManifest.xml:30:27-74
49            </intent-filter>
50        </activity>
51
52        <!-- Widget Provider -->
53        <receiver
53-->src\main\AndroidManifest.xml:35:9-44:20
54            android:name="com.wellness.brightwell.widget.HabitWidgetProvider"
54-->src\main\AndroidManifest.xml:36:13-55
55            android:exported="true" >
55-->src\main\AndroidManifest.xml:37:13-36
56            <intent-filter>
56-->src\main\AndroidManifest.xml:38:13-40:29
57                <action android:name="android.appwidget.action.APPWIDGET_UPDATE" />
57-->src\main\AndroidManifest.xml:39:17-84
57-->src\main\AndroidManifest.xml:39:25-81
58            </intent-filter>
59
60            <meta-data
60-->src\main\AndroidManifest.xml:41:13-43:61
61                android:name="android.appwidget.provider"
61-->src\main\AndroidManifest.xml:42:17-58
62                android:resource="@xml/habit_widget_info" />
62-->src\main\AndroidManifest.xml:43:17-58
63        </receiver>
64
65        <!-- WorkManager for hydration reminders -->
66        <receiver
66-->src\main\AndroidManifest.xml:47:9-54:20
67            android:name="com.wellness.brightwell.worker.BootReceiver"
67-->src\main\AndroidManifest.xml:48:13-48
68            android:enabled="true"
68-->src\main\AndroidManifest.xml:49:13-35
69            android:exported="true" >
69-->src\main\AndroidManifest.xml:50:13-36
70            <intent-filter>
70-->src\main\AndroidManifest.xml:51:13-53:29
71                <action android:name="android.intent.action.BOOT_COMPLETED" />
71-->src\main\AndroidManifest.xml:52:17-79
71-->src\main\AndroidManifest.xml:52:25-76
72            </intent-filter>
73        </receiver>
74
75        <provider
75-->[androidx.emoji2:emoji2:1.2.0] AndroidManifest.xml:24:9-32:20
76            android:name="androidx.startup.InitializationProvider"
76-->[androidx.emoji2:emoji2:1.2.0] AndroidManifest.xml:25:13-67
77            android:authorities="com.wellness.brightwell.androidx-startup"
77-->[androidx.emoji2:emoji2:1.2.0] AndroidManifest.xml:26:13-68
78            android:exported="false" >
78-->[androidx.emoji2:emoji2:1.2.0] AndroidManifest.xml:27:13-37
79            <meta-data
79-->[androidx.emoji2:emoji2:1.2.0] AndroidManifest.xml:29:13-31:52
80                android:name="androidx.emoji2.text.EmojiCompatInitializer"
80-->[androidx.emoji2:emoji2:1.2.0] AndroidManifest.xml:30:17-75
81                android:value="androidx.startup" />
81-->[androidx.emoji2:emoji2:1.2.0] AndroidManifest.xml:31:17-49
82            <meta-data
82-->[androidx.work:work-runtime:2.9.0] AndroidManifest.xml:34:13-36:52
83                android:name="androidx.work.WorkManagerInitializer"
83-->[androidx.work:work-runtime:2.9.0] AndroidManifest.xml:35:17-68
84                android:value="androidx.startup" />
84-->[androidx.work:work-runtime:2.9.0] AndroidManifest.xml:36:17-49
85            <meta-data
85-->[androidx.lifecycle:lifecycle-process:2.7.0] AndroidManifest.xml:29:13-31:52
86                android:name="androidx.lifecycle.ProcessLifecycleInitializer"
86-->[androidx.lifecycle:lifecycle-process:2.7.0] AndroidManifest.xml:30:17-78
87                android:value="androidx.startup" />
87-->[androidx.lifecycle:lifecycle-process:2.7.0] AndroidManifest.xml:31:17-49
88            <meta-data
88-->[androidx.profileinstaller:profileinstaller:1.3.0] AndroidManifest.xml:29:13-31:52
89                android:name="androidx.profileinstaller.ProfileInstallerInitializer"
89-->[androidx.profileinstaller:profileinstaller:1.3.0] AndroidManifest.xml:30:17-85
90                android:value="androidx.startup" />
90-->[androidx.profileinstaller:profileinstaller:1.3.0] AndroidManifest.xml:31:17-49
91        </provider>
92
93        <service
93-->[androidx.work:work-runtime:2.9.0] AndroidManifest.xml:39:9-45:35
94            android:name="androidx.work.impl.background.systemalarm.SystemAlarmService"
94-->[androidx.work:work-runtime:2.9.0] AndroidManifest.xml:40:13-88
95            android:directBootAware="false"
95-->[androidx.work:work-runtime:2.9.0] AndroidManifest.xml:41:13-44
96            android:enabled="@bool/enable_system_alarm_service_default"
96-->[androidx.work:work-runtime:2.9.0] AndroidManifest.xml:42:13-72
97            android:exported="false" />
97-->[androidx.work:work-runtime:2.9.0] AndroidManifest.xml:43:13-37
98        <service
98-->[androidx.work:work-runtime:2.9.0] AndroidManifest.xml:46:9-52:35
99            android:name="androidx.work.impl.background.systemjob.SystemJobService"
99-->[androidx.work:work-runtime:2.9.0] AndroidManifest.xml:47:13-84
100            android:directBootAware="false"
100-->[androidx.work:work-runtime:2.9.0] AndroidManifest.xml:48:13-44
101            android:enabled="@bool/enable_system_job_service_default"
101-->[androidx.work:work-runtime:2.9.0] AndroidManifest.xml:49:13-70
102            android:exported="true"
102-->[androidx.work:work-runtime:2.9.0] AndroidManifest.xml:50:13-36
103            android:permission="android.permission.BIND_JOB_SERVICE" />
103-->[androidx.work:work-runtime:2.9.0] AndroidManifest.xml:51:13-69
104        <service
104-->[androidx.work:work-runtime:2.9.0] AndroidManifest.xml:53:9-59:35
105            android:name="androidx.work.impl.foreground.SystemForegroundService"
105-->[androidx.work:work-runtime:2.9.0] AndroidManifest.xml:54:13-81
106            android:directBootAware="false"
106-->[androidx.work:work-runtime:2.9.0] AndroidManifest.xml:55:13-44
107            android:enabled="@bool/enable_system_foreground_service_default"
107-->[androidx.work:work-runtime:2.9.0] AndroidManifest.xml:56:13-77
108            android:exported="false" />
108-->[androidx.work:work-runtime:2.9.0] AndroidManifest.xml:57:13-37
109
110        <receiver
110-->[androidx.work:work-runtime:2.9.0] AndroidManifest.xml:61:9-66:35
111            android:name="androidx.work.impl.utils.ForceStopRunnable$BroadcastReceiver"
111-->[androidx.work:work-runtime:2.9.0] AndroidManifest.xml:62:13-88
112            android:directBootAware="false"
112-->[androidx.work:work-runtime:2.9.0] AndroidManifest.xml:63:13-44
113            android:enabled="true"
113-->[androidx.work:work-runtime:2.9.0] AndroidManifest.xml:64:13-35
114            android:exported="false" />
114-->[androidx.work:work-runtime:2.9.0] AndroidManifest.xml:65:13-37
115        <receiver
115-->[androidx.work:work-runtime:2.9.0] AndroidManifest.xml:67:9-77:20
116            android:name="androidx.work.impl.background.systemalarm.ConstraintProxy$BatteryChargingProxy"
116-->[androidx.work:work-runtime:2.9.0] AndroidManifest.xml:68:13-106
117            android:directBootAware="false"
117-->[androidx.work:work-runtime:2.9.0] AndroidManifest.xml:69:13-44
118            android:enabled="false"
118-->[androidx.work:work-runtime:2.9.0] AndroidManifest.xml:70:13-36
119            android:exported="false" >
119-->[androidx.work:work-runtime:2.9.0] AndroidManifest.xml:71:13-37
120            <intent-filter>
120-->[androidx.work:work-runtime:2.9.0] AndroidManifest.xml:73:13-76:29
121                <action android:name="android.intent.action.ACTION_POWER_CONNECTED" />
121-->[androidx.work:work-runtime:2.9.0] AndroidManifest.xml:74:17-87
121-->[androidx.work:work-runtime:2.9.0] AndroidManifest.xml:74:25-84
122                <action android:name="android.intent.action.ACTION_POWER_DISCONNECTED" />
122-->[androidx.work:work-runtime:2.9.0] AndroidManifest.xml:75:17-90
122-->[androidx.work:work-runtime:2.9.0] AndroidManifest.xml:75:25-87
123            </intent-filter>
124        </receiver>
125        <receiver
125-->[androidx.work:work-runtime:2.9.0] AndroidManifest.xml:78:9-88:20
126            android:name="androidx.work.impl.background.systemalarm.ConstraintProxy$BatteryNotLowProxy"
126-->[androidx.work:work-runtime:2.9.0] AndroidManifest.xml:79:13-104
127            android:directBootAware="false"
127-->[androidx.work:work-runtime:2.9.0] AndroidManifest.xml:80:13-44
128            android:enabled="false"
128-->[androidx.work:work-runtime:2.9.0] AndroidManifest.xml:81:13-36
129            android:exported="false" >
129-->[androidx.work:work-runtime:2.9.0] AndroidManifest.xml:82:13-37
130            <intent-filter>
130-->[androidx.work:work-runtime:2.9.0] AndroidManifest.xml:84:13-87:29
131                <action android:name="android.intent.action.BATTERY_OKAY" />
131-->[androidx.work:work-runtime:2.9.0] AndroidManifest.xml:85:17-77
131-->[androidx.work:work-runtime:2.9.0] AndroidManifest.xml:85:25-74
132                <action android:name="android.intent.action.BATTERY_LOW" />
132-->[androidx.work:work-runtime:2.9.0] AndroidManifest.xml:86:17-76
132-->[androidx.work:work-runtime:2.9.0] AndroidManifest.xml:86:25-73
133            </intent-filter>
134        </receiver>
135        <receiver
135-->[androidx.work:work-runtime:2.9.0] AndroidManifest.xml:89:9-99:20
136            android:name="androidx.work.impl.background.systemalarm.ConstraintProxy$StorageNotLowProxy"
136-->[androidx.work:work-runtime:2.9.0] AndroidManifest.xml:90:13-104
137            android:directBootAware="false"
137-->[androidx.work:work-runtime:2.9.0] AndroidManifest.xml:91:13-44
138            android:enabled="false"
138-->[androidx.work:work-runtime:2.9.0] AndroidManifest.xml:92:13-36
139            android:exported="false" >
139-->[androidx.work:work-runtime:2.9.0] AndroidManifest.xml:93:13-37
140            <intent-filter>
140-->[androidx.work:work-runtime:2.9.0] AndroidManifest.xml:95:13-98:29
141                <action android:name="android.intent.action.DEVICE_STORAGE_LOW" />
141-->[androidx.work:work-runtime:2.9.0] AndroidManifest.xml:96:17-83
141-->[androidx.work:work-runtime:2.9.0] AndroidManifest.xml:96:25-80
142                <action android:name="android.intent.action.DEVICE_STORAGE_OK" />
142-->[androidx.work:work-runtime:2.9.0] AndroidManifest.xml:97:17-82
142-->[androidx.work:work-runtime:2.9.0] AndroidManifest.xml:97:25-79
143            </intent-filter>
144        </receiver>
145        <receiver
145-->[androidx.work:work-runtime:2.9.0] AndroidManifest.xml:100:9-109:20
146            android:name="androidx.work.impl.background.systemalarm.ConstraintProxy$NetworkStateProxy"
146-->[androidx.work:work-runtime:2.9.0] AndroidManifest.xml:101:13-103
147            android:directBootAware="false"
147-->[androidx.work:work-runtime:2.9.0] AndroidManifest.xml:102:13-44
148            android:enabled="false"
148-->[androidx.work:work-runtime:2.9.0] AndroidManifest.xml:103:13-36
149            android:exported="false" >
149-->[androidx.work:work-runtime:2.9.0] AndroidManifest.xml:104:13-37
150            <intent-filter>
150-->[androidx.work:work-runtime:2.9.0] AndroidManifest.xml:106:13-108:29
151                <action android:name="android.net.conn.CONNECTIVITY_CHANGE" />
151-->[androidx.work:work-runtime:2.9.0] AndroidManifest.xml:107:17-79
151-->[androidx.work:work-runtime:2.9.0] AndroidManifest.xml:107:25-76
152            </intent-filter>
153        </receiver>
154        <receiver
154-->[androidx.work:work-runtime:2.9.0] AndroidManifest.xml:110:9-121:20
155            android:name="androidx.work.impl.background.systemalarm.RescheduleReceiver"
155-->[androidx.work:work-runtime:2.9.0] AndroidManifest.xml:111:13-88
156            android:directBootAware="false"
156-->[androidx.work:work-runtime:2.9.0] AndroidManifest.xml:112:13-44
157            android:enabled="false"
157-->[androidx.work:work-runtime:2.9.0] AndroidManifest.xml:113:13-36
158            android:exported="false" >
158-->[androidx.work:work-runtime:2.9.0] AndroidManifest.xml:114:13-37
159            <intent-filter>
159-->[androidx.work:work-runtime:2.9.0] AndroidManifest.xml:116:13-120:29
160                <action android:name="android.intent.action.BOOT_COMPLETED" />
160-->src\main\AndroidManifest.xml:52:17-79
160-->src\main\AndroidManifest.xml:52:25-76
161                <action android:name="android.intent.action.TIME_SET" />
161-->[androidx.work:work-runtime:2.9.0] AndroidManifest.xml:118:17-73
161-->[androidx.work:work-runtime:2.9.0] AndroidManifest.xml:118:25-70
162                <action android:name="android.intent.action.TIMEZONE_CHANGED" />
162-->[androidx.work:work-runtime:2.9.0] AndroidManifest.xml:119:17-81
162-->[androidx.work:work-runtime:2.9.0] AndroidManifest.xml:119:25-78
163            </intent-filter>
164        </receiver>
165        <receiver
165-->[androidx.work:work-runtime:2.9.0] AndroidManifest.xml:122:9-131:20
166            android:name="androidx.work.impl.background.systemalarm.ConstraintProxyUpdateReceiver"
166-->[androidx.work:work-runtime:2.9.0] AndroidManifest.xml:123:13-99
167            android:directBootAware="false"
167-->[androidx.work:work-runtime:2.9.0] AndroidManifest.xml:124:13-44
168            android:enabled="@bool/enable_system_alarm_service_default"
168-->[androidx.work:work-runtime:2.9.0] AndroidManifest.xml:125:13-72
169            android:exported="false" >
169-->[androidx.work:work-runtime:2.9.0] AndroidManifest.xml:126:13-37
170            <intent-filter>
170-->[androidx.work:work-runtime:2.9.0] AndroidManifest.xml:128:13-130:29
171                <action android:name="androidx.work.impl.background.systemalarm.UpdateProxies" />
171-->[androidx.work:work-runtime:2.9.0] AndroidManifest.xml:129:17-98
171-->[androidx.work:work-runtime:2.9.0] AndroidManifest.xml:129:25-95
172            </intent-filter>
173        </receiver>
174        <receiver
174-->[androidx.work:work-runtime:2.9.0] AndroidManifest.xml:132:9-142:20
175            android:name="androidx.work.impl.diagnostics.DiagnosticsReceiver"
175-->[androidx.work:work-runtime:2.9.0] AndroidManifest.xml:133:13-78
176            android:directBootAware="false"
176-->[androidx.work:work-runtime:2.9.0] AndroidManifest.xml:134:13-44
177            android:enabled="true"
177-->[androidx.work:work-runtime:2.9.0] AndroidManifest.xml:135:13-35
178            android:exported="true"
178-->[androidx.work:work-runtime:2.9.0] AndroidManifest.xml:136:13-36
179            android:permission="android.permission.DUMP" >
179-->[androidx.work:work-runtime:2.9.0] AndroidManifest.xml:137:13-57
180            <intent-filter>
180-->[androidx.work:work-runtime:2.9.0] AndroidManifest.xml:139:13-141:29
181                <action android:name="androidx.work.diagnostics.REQUEST_DIAGNOSTICS" />
181-->[androidx.work:work-runtime:2.9.0] AndroidManifest.xml:140:17-88
181-->[androidx.work:work-runtime:2.9.0] AndroidManifest.xml:140:25-85
182            </intent-filter>
183        </receiver>
184
185        <uses-library
185-->[androidx.window:window:1.0.0] AndroidManifest.xml:25:9-27:40
186            android:name="androidx.window.extensions"
186-->[androidx.window:window:1.0.0] AndroidManifest.xml:26:13-54
187            android:required="false" />
187-->[androidx.window:window:1.0.0] AndroidManifest.xml:27:13-37
188        <uses-library
188-->[androidx.window:window:1.0.0] AndroidManifest.xml:28:9-30:40
189            android:name="androidx.window.sidecar"
189-->[androidx.window:window:1.0.0] AndroidManifest.xml:29:13-51
190            android:required="false" />
190-->[androidx.window:window:1.0.0] AndroidManifest.xml:30:13-37
191
192        <service
192-->[androidx.room:room-runtime:2.5.0] AndroidManifest.xml:24:9-28:63
193            android:name="androidx.room.MultiInstanceInvalidationService"
193-->[androidx.room:room-runtime:2.5.0] AndroidManifest.xml:25:13-74
194            android:directBootAware="true"
194-->[androidx.room:room-runtime:2.5.0] AndroidManifest.xml:26:13-43
195            android:exported="false" />
195-->[androidx.room:room-runtime:2.5.0] AndroidManifest.xml:27:13-37
196
197        <receiver
197-->[androidx.profileinstaller:profileinstaller:1.3.0] AndroidManifest.xml:34:9-52:20
198            android:name="androidx.profileinstaller.ProfileInstallReceiver"
198-->[androidx.profileinstaller:profileinstaller:1.3.0] AndroidManifest.xml:35:13-76
199            android:directBootAware="false"
199-->[androidx.profileinstaller:profileinstaller:1.3.0] AndroidManifest.xml:36:13-44
200            android:enabled="true"
200-->[androidx.profileinstaller:profileinstaller:1.3.0] AndroidManifest.xml:37:13-35
201            android:exported="true"
201-->[androidx.profileinstaller:profileinstaller:1.3.0] AndroidManifest.xml:38:13-36
202            android:permission="android.permission.DUMP" >
202-->[androidx.profileinstaller:profileinstaller:1.3.0] AndroidManifest.xml:39:13-57
203            <intent-filter>
203-->[androidx.profileinstaller:profileinstaller:1.3.0] AndroidManifest.xml:40:13-42:29
204                <action android:name="androidx.profileinstaller.action.INSTALL_PROFILE" />
204-->[androidx.profileinstaller:profileinstaller:1.3.0] AndroidManifest.xml:41:17-91
204-->[androidx.profileinstaller:profileinstaller:1.3.0] AndroidManifest.xml:41:25-88
205            </intent-filter>
206            <intent-filter>
206-->[androidx.profileinstaller:profileinstaller:1.3.0] AndroidManifest.xml:43:13-45:29
207                <action android:name="androidx.profileinstaller.action.SKIP_FILE" />
207-->[androidx.profileinstaller:profileinstaller:1.3.0] AndroidManifest.xml:44:17-85
207-->[androidx.profileinstaller:profileinstaller:1.3.0] AndroidManifest.xml:44:25-82
208            </intent-filter>
209            <intent-filter>
209-->[androidx.profileinstaller:profileinstaller:1.3.0] AndroidManifest.xml:46:13-48:29
210                <action android:name="androidx.profileinstaller.action.SAVE_PROFILE" />
210-->[androidx.profileinstaller:profileinstaller:1.3.0] AndroidManifest.xml:47:17-88
210-->[androidx.profileinstaller:profileinstaller:1.3.0] AndroidManifest.xml:47:25-85
211            </intent-filter>
212            <intent-filter>
212-->[androidx.profileinstaller:profileinstaller:1.3.0] AndroidManifest.xml:49:13-51:29
213                <action android:name="androidx.profileinstaller.action.BENCHMARK_OPERATION" />
213-->[androidx.profileinstaller:profileinstaller:1.3.0] AndroidManifest.xml:50:17-95
213-->[androidx.profileinstaller:profileinstaller:1.3.0] AndroidManifest.xml:50:25-92
214            </intent-filter>
215        </receiver>
216    </application>
217
218</manifest>